This is pdfTeX, Version 3.141592653-2.6-1.40.25 (TeX Live 2023) (preloaded format=pdflatex 2024.2.22)  12 APR 2024 20:08
entering extended mode
 restricted \write18 enabled.
 file:line:error style messages enabled.
 %&-line parsing enabled.
**"/mnt/g/Machine Learning/QML/latex/Report.tex"
(/mnt/g/Machine Learning/QML/latex/Report.tex
LaTeX2e <2023-11-01> patch level 1
L3 programming layer <2024-02-20>
(/home/zen/.TinyTeX/texmf-dist/tex/latex/base/article.cls
Document Class: article 2023/05/17 v1.4n Standard LaTeX document class
(/home/zen/.TinyTeX/texmf-dist/tex/latex/base/size10.clo
File: size10.clo 2023/05/17 v1.4n Standard LaTeX file (size option)
)
\c@part=\count188
\c@section=\count189
\c@subsection=\count190
\c@subsubsection=\count191
\c@paragraph=\count192
\c@subparagraph=\count193
\c@figure=\count194
\c@table=\count195
\abovecaptionskip=\skip48
\belowcaptionskip=\skip49
\bibindent=\dimen140
) (/home/zen/.TinyTeX/texmf-dist/tex/latex/geometry/geometry.sty
Package: geometry 2020/01/02 v5.9 Page Geometry
 (/home/zen/.TinyTeX/texmf-dist/tex/latex/graphics/keyval.sty
Package: keyval 2022/05/29 v1.15 key=value parser (DPC)
\KV@toks@=\toks17
) (/home/zen/.TinyTeX/texmf-dist/tex/generic/iftex/ifvtex.sty
Package: ifvtex 2019/10/25 v1.7 ifvtex legacy package. Use iftex instead.
 (/home/zen/.TinyTeX/texmf-dist/tex/generic/iftex/iftex.sty
Package: iftex 2022/02/03 v1.0f TeX engine tests
))
\Gm@cnth=\count196
\Gm@cntv=\count197
\c@Gm@tempcnt=\count198
\Gm@bindingoffset=\dimen141
\Gm@wd@mp=\dimen142
\Gm@odd@mp=\dimen143
\Gm@even@mp=\dimen144
\Gm@layoutwidth=\dimen145
\Gm@layoutheight=\dimen146
\Gm@layouthoffset=\dimen147
\Gm@layoutvoffset=\dimen148
\Gm@dimlist=\toks18
) (/home/zen/.TinyTeX/texmf-dist/tex/latex/graphics/graphicx.sty
Package: graphicx 2021/09/16 v1.2d Enhanced LaTeX Graphics (DPC,SPQR)
 (/home/zen/.TinyTeX/texmf-dist/tex/latex/graphics/graphics.sty
Package: graphics 2022/03/10 v1.4e Standard LaTeX Graphics (DPC,SPQR)
 (/home/zen/.TinyTeX/texmf-dist/tex/latex/graphics/trig.sty
Package: trig 2021/08/11 v1.11 sin cos tan (DPC)
) (/home/zen/.TinyTeX/texmf-dist/tex/latex/graphics-cfg/graphics.cfg
File: graphics.cfg 2016/06/04 v1.11 sample graphics configuration
)
Package graphics Info: Driver file: pdftex.def on input line 107.
 (/home/zen/.TinyTeX/texmf-dist/tex/latex/graphics-def/pdftex.def
File: pdftex.def 2022/09/22 v1.2b Graphics/color driver for pdftex
))
\Gin@req@height=\dimen149
\Gin@req@width=\dimen150
) (/home/zen/.TinyTeX/texmf-dist/tex/latex/l3backend/l3backend-pdftex.def
File: l3backend-pdftex.def 2024-02-20 L3 backend support: PDF output (pdfTeX)
\l__color_backend_stack_int=\count199
\l__pdf_internal_box=\box51
) (./Report.aux)
\openout1 = `Report.aux'.

LaTeX Font Info:    Checking defaults for OML/cmm/m/it on input line 7.
LaTeX Font Info:    ... okay on input line 7.
LaTeX Font Info:    Checking defaults for OMS/cmsy/m/n on input line 7.
LaTeX Font Info:    ... okay on input line 7.
LaTeX Font Info:    Checking defaults for OT1/cmr/m/n on input line 7.
LaTeX Font Info:    ... okay on input line 7.
LaTeX Font Info:    Checking defaults for T1/cmr/m/n on input line 7.
LaTeX Font Info:    ... okay on input line 7.
LaTeX Font Info:    Checking defaults for TS1/cmr/m/n on input line 7.
LaTeX Font Info:    ... okay on input line 7.
LaTeX Font Info:    Checking defaults for OMX/cmex/m/n on input line 7.
LaTeX Font Info:    ... okay on input line 7.
LaTeX Font Info:    Checking defaults for U/cmr/m/n on input line 7.
LaTeX Font Info:    ... okay on input line 7.

*geometry* driver: auto-detecting
*geometry* detected driver: pdftex
*geometry* verbose mode - [ preamble ] result:
* driver: pdftex
* paper: a4paper
* layout: <same size as paper>
* layoutoffset:(h,v)=(0.0pt,0.0pt)
* modes: 
* h-part:(L,W,R)=(86.72377pt, 424.06033pt, 86.72377pt)
* v-part:(T,H,B)=(86.72377pt, 671.5993pt, 86.72377pt)
* \paperwidth=597.50787pt
* \paperheight=845.04684pt
* \textwidth=424.06033pt
* \textheight=671.5993pt
* \oddsidemargin=14.45378pt
* \evensidemargin=14.45378pt
* \topmargin=-22.54622pt
* \headheight=12.0pt
* \headsep=25.0pt
* \topskip=10.0pt
* \footskip=30.0pt
* \marginparwidth=65.0pt
* \marginparsep=11.0pt
* \columnsep=10.0pt
* \skip\footins=9.0pt plus 4.0pt minus 2.0pt
* \hoffset=0.0pt
* \voffset=0.0pt
* \mag=1000
* \@twocolumnfalse
* \@twosidefalse
* \@mparswitchfalse
* \@reversemarginfalse
* (1in=72.27pt=25.4mm, 1cm=28.453pt)

(/home/zen/.TinyTeX/texmf-dist/tex/latex/epstopdf-pkg/epstopdf-base.sty
Package: epstopdf-base 2020-01-24 v2.11 Base part for package epstopdf
Package epstopdf-base Info: Redefining graphics rule for `.eps' on input line 485.
 (/home/zen/.TinyTeX/texmf-dist/tex/latex/latexconfig/epstopdf-sys.cfg
File: epstopdf-sys.cfg 2010/07/13 v1.3 Configuration of (r)epstopdf for TeX Live
))
LaTeX Font Info:    External font `cmex10' loaded for size
(Font)              <17.28> on input line 11.
LaTeX Font Info:    External font `cmex10' loaded for size
(Font)              <12> on input line 11.
LaTeX Font Info:    External font `cmex10' loaded for size
(Font)              <8> on input line 11.
LaTeX Font Info:    External font `cmex10' loaded for size
(Font)              <6> on input line 11.
LaTeX Font Info:    External font `cmex10' loaded for size
(Font)              <7> on input line 17.
LaTeX Font Info:    External font `cmex10' loaded for size
(Font)              <5> on input line 17.
 [1

{/home/zen/.TinyTeX/texmf-var/fonts/map/pdftex/updmap/pdftex.map}]
<../images/cord_rot.png, id=16, 424.2249pt x 313.6518pt>
File: ../images/cord_rot.png Graphic file (type png)
<use ../images/cord_rot.png>
Package pdftex.def Info: ../images/cord_rot.png  used on input line 67.
(pdftex.def)             Requested size: 212.11192pt x 156.8255pt.
<../images/cord_unrot.png, id=18, 430.7292pt x 312.2064pt>
File: ../images/cord_unrot.png Graphic file (type png)
<use ../images/cord_unrot.png>
Package pdftex.def Info: ../images/cord_unrot.png  used on input line 68.
(pdftex.def)             Requested size: 215.36407pt x 156.10281pt.

Overfull \hbox (20.63788pt too wide) in paragraph at lines 67--69
[][] [] 
 []

<../images/dist_unrot.png, id=19, 416.2752pt x 312.2064pt>
File: ../images/dist_unrot.png Graphic file (type png)
<use ../images/dist_unrot.png>
Package pdftex.def Info: ../images/dist_unrot.png  used on input line 71.
(pdftex.def)             Requested size: 208.13708pt x 156.10281pt.
<../images/dist_unrot2.png, id=20, 417.7206pt x 312.2064pt>
File: ../images/dist_unrot2.png Graphic file (type png)
<use ../images/dist_unrot2.png>
Package pdftex.def Info: ../images/dist_unrot2.png  used on input line 72.
(pdftex.def)             Requested size: 208.85979pt x 156.10281pt.

Overfull \hbox (10.15875pt too wide) in paragraph at lines 71--73
[][] [] 
 []

<../images/dist_rot.png, id=21, 416.2752pt x 312.2064pt>
File: ../images/dist_rot.png Graphic file (type png)
<use ../images/dist_rot.png>
Package pdftex.def Info: ../images/dist_rot.png  used on input line 75.
(pdftex.def)             Requested size: 208.13708pt x 156.10281pt.
<../images/dist_rot2.png, id=22, 417.7206pt x 312.2064pt>
File: ../images/dist_rot2.png Graphic file (type png)
<use ../images/dist_rot2.png>
Package pdftex.def Info: ../images/dist_rot2.png  used on input line 76.
(pdftex.def)             Requested size: 208.85979pt x 156.10281pt.

Overfull \hbox (10.15875pt too wide) in paragraph at lines 75--77
[][] [] 
 []

<../images/learning_curve.png, id=23, 409.7709pt x 312.2064pt>
File: ../images/learning_curve.png Graphic file (type png)
<use ../images/learning_curve.png>
Package pdftex.def Info: ../images/learning_curve.png  used on input line 79.
(pdftex.def)             Requested size: 204.88495pt x 156.10281pt.
<../images/loss_curves.png, id=24, 409.7709pt x 313.6518pt>
File: ../images/loss_curves.png Graphic file (type png)
<use ../images/loss_curves.png>
Package pdftex.def Info: ../images/loss_curves.png  used on input line 80.
(pdftex.def)             Requested size: 204.88495pt x 156.8255pt.

Overfull \hbox (2.93178pt too wide) in paragraph at lines 79--81
[][] [] 
 []

[2 <../images/cord_rot.png> <../images/cord_unrot.png> <../images/dist_unrot.png> <../images/dist_unrot2.png> <../images/dist_rot.png> <../images/dist_rot2.png>] [3 <../images/learning_curve.png> <../images/loss_curves.png>] (./Report.aux)
 ***********
LaTeX2e <2023-11-01> patch level 1
L3 programming layer <2024-02-20>
 ***********
 ) 
Here is how much of TeX's memory you used:
 1611 strings out of 476097
 27495 string characters out of 5793607
 1936187 words of memory out of 5000000
 23727 multiletter control sequences out of 15000+600000
 562324 words of font info for 50 fonts, out of 8000000 for 9000
 14 hyphenation exceptions out of 8191
 57i,7n,65p,759b,198s stack positions out of 10000i,1000n,20000p,200000b,200000s
</home/zen/.TinyTeX/texmf-dist/fonts/type1/public/amsfonts/cm/cmbx12.pfb></home/zen/.TinyTeX/texmf-dist/fonts/type1/public/amsfonts/cm/cmex10.pfb></home/zen/.TinyTeX/texmf-dist/fonts/type1/public/amsfonts/cm/cmmi10.pfb></home/zen/.TinyTeX/texmf-dist/fonts/type1/public/amsfonts/cm/cmmi12.pfb></home/zen/.TinyTeX/texmf-dist/fonts/type1/public/amsfonts/cm/cmr10.pfb></home/zen/.TinyTeX/texmf-dist/fonts/type1/public/amsfonts/cm/cmr12.pfb></home/zen/.TinyTeX/texmf-dist/fonts/type1/public/amsfonts/cm/cmr17.pfb></home/zen/.TinyTeX/texmf-dist/fonts/type1/public/amsfonts/cm/cmr7.pfb></home/zen/.TinyTeX/texmf-dist/fonts/type1/public/amsfonts/cm/cmsy10.pfb></home/zen/.TinyTeX/texmf-dist/fonts/type1/public/amsfonts/cm/cmsy7.pfb>
Output written on Report.pdf (3 pages, 254900 bytes).
PDF statistics:
 81 PDF objects out of 1000 (max. 8388607)
 39 compressed objects within 1 object stream
 0 named destinations out of 1000 (max. 500000)
 41 words of extra memory for PDF output out of 10000 (max. 10000000)

